# JRE version: OpenJDK Runtime Environment (15.0.2+7) (build 15.0.2+7-27)
# Java VM: OpenJDK 64-Bit Server VM (15.0.2+7-27, mixed mode, tiered, compressed oops, g1 gc, windows-amd64)
GC Precious Log:
 CPUs: 4 total, 4 available
 Memory: 4039M
 Large Page Support: Disabled
 NUMA Support: Disabled
 Compressed Oops: Enabled (32-bit)
 Heap Region Size: 1M
 Heap Min Capacity: 8M
 Heap Initial Capacity: 64M
 Heap Max Capacity: 1010M
 Pre-touch: Disabled
 Parallel Workers: 4
 Concurrent Workers: 1
 Concurrent Refinement Workers: 4
 Periodic GC: Disabled
Heap:
 garbage-first heap   total 33792K, used 13482K [0x00000000c0e00000, 0x0000000100000000)
  region size 1024K, 2 young (2048K), 2 survivors (2048K)
 Metaspace       used 26938K, capacity 27150K, committed 27264K, reserved 1077248K
  class space    used 2858K, capacity 2937K, committed 2944K, reserved 1048576K
GC Heap History (10 events):
Event: 3.549 GC heap before
{Heap before GC invocations=0 (full 0):
 garbage-first heap   total 65536K, used 13312K [0x00000000c0e00000, 0x0000000100000000)
  region size 1024K, 13 young (13312K), 0 survivors (0K)
 Metaspace       used 15130K, capacity 15369K, committed 15488K, reserved 1062912K
  class space    used 1482K, capacity 1575K, committed 1664K, reserved 1048576K
}
Event: 3.571 GC heap after
{Heap after GC invocations=1 (full 0):
 garbage-first heap   total 65536K, used 3958K [0x00000000c0e00000, 0x0000000100000000)
  region size 1024K, 2 young (2048K), 2 survivors (2048K)
 Metaspace       used 15130K, capacity 15369K, committed 15488K, reserved 1062912K
  class space    used 1482K, capacity 1575K, committed 1664K, reserved 1048576K
}
Event: 4.582 GC heap before
{Heap before GC invocations=1 (full 0):
 garbage-first heap   total 65536K, used 12150K [0x00000000c0e00000, 0x0000000100000000)
  region size 1024K, 12 young (12288K), 2 survivors (2048K)
 Metaspace       used 17958K, capacity 18223K, committed 18304K, reserved 1071104K
  class space    used 1763K, capacity 1839K, committed 1920K, reserved 1048576K
}
Event: 4.601 GC heap after
{Heap after GC invocations=2 (full 0):
 garbage-first heap   total 65536K, used 6326K [0x00000000c0e00000, 0x0000000100000000)
  region size 1024K, 2 young (2048K), 2 survivors (2048K)
 Metaspace       used 17958K, capacity 18223K, committed 18304K, reserved 1071104K
  class space    used 1763K, capacity 1839K, committed 1920K, reserved 1048576K
}
Event: 15.214 GC heap before
{Heap before GC invocations=3 (full 0):
 garbage-first heap   total 27648K, used 23734K [0x00000000c0e00000, 0x0000000100000000)
  region size 1024K, 19 young (19456K), 2 survivors (2048K)
 Metaspace       used 24380K, capacity 24622K, committed 24704K, reserved 1075200K
  class space    used 2563K, capacity 2649K, committed 2688K, reserved 1048576K
}
Event: 15.235 GC heap after
{Heap after GC invocations=4 (full 0):
 garbage-first heap   total 29696K, used 9207K [0x00000000c0e00000, 0x0000000100000000)
  region size 1024K, 2 young (2048K), 2 survivors (2048K)
 Metaspace       used 24380K, capacity 24622K, committed 24704K, reserved 1075200K
  class space    used 2563K, capacity 2649K, committed 2688K, reserved 1048576K
}
Event: 16.237 GC heap before
{Heap before GC invocations=4 (full 0):
 garbage-first heap   total 29696K, used 18423K [0x00000000c0e00000, 0x0000000100000000)
  region size 1024K, 11 young (11264K), 2 survivors (2048K)
 Metaspace       used 26611K, capacity 26862K, committed 27008K, reserved 1077248K
  class space    used 2815K, capacity 2905K, committed 2944K, reserved 1048576K
}
Event: 16.248 GC heap after
{Heap after GC invocations=5 (full 0):
 garbage-first heap   total 29696K, used 10880K [0x00000000c0e00000, 0x0000000100000000)
  region size 1024K, 1 young (1024K), 1 survivors (1024K)
 Metaspace       used 26611K, capacity 26862K, committed 27008K, reserved 1077248K
  class space    used 2815K, capacity 2905K, committed 2944K, reserved 1048576K
}
Event: 16.614 GC heap before
{Heap before GC invocations=5 (full 0):
 garbage-first heap   total 29696K, used 13952K [0x00000000c0e00000, 0x0000000100000000)
  region size 1024K, 3 young (3072K), 1 survivors (1024K)
 Metaspace       used 26937K, capacity 27150K, committed 27264K, reserved 1077248K
  class space    used 2858K, capacity 2937K, committed 2944K, reserved 1048576K
}
Event: 16.621 GC heap after
{Heap after GC invocations=6 (full 0):
 garbage-first heap   total 29696K, used 13482K [0x00000000c0e00000, 0x0000000100000000)
  region size 1024K, 2 young (2048K), 2 survivors (2048K)
 Metaspace       used 26937K, capacity 27150K, committed 27264K, reserved 1077248K
  class space    used 2858K, capacity 2937K, committed 2944K, reserved 1048576K
}

