# JRE version: OpenJDK Runtime Environment (15.0.2+7) (build 15.0.2+7-27)
# Java VM: OpenJDK 64-Bit Server VM (15.0.2+7-27, mixed mode, tiered, compressed oops, g1 gc, windows-amd64)
GC Precious Log:
 CPUs: 4 total, 4 available
 Memory: 4039M
 Large Page Support: Disabled
 NUMA Support: Disabled
 Compressed Oops: Enabled (32-bit)
 Heap Region Size: 1M
 Heap Min Capacity: 8M
 Heap Initial Capacity: 64M
 Heap Max Capacity: 1010M
 Pre-touch: Disabled
 Parallel Workers: 4
 Concurrent Workers: 1
 Concurrent Refinement Workers: 4
 Periodic GC: Disabled
Heap:
 garbage-first heap   total 75776K, used 42704K [0x00000000c0e00000, 0x0000000100000000)
  region size 1024K, 2 young (2048K), 1 survivors (1024K)
 Metaspace       used 24648K, capacity 24877K, committed 25136K, reserved 1071104K
  class space    used 2511K, capacity 2584K, committed 2688K, reserved 1048576K
GC Heap History (14 events):
Event: 3.234 GC heap before
{Heap before GC invocations=0 (full 0):
 garbage-first heap   total 65536K, used 13312K [0x00000000c0e00000, 0x0000000100000000)
  region size 1024K, 13 young (13312K), 0 survivors (0K)
 Metaspace       used 14466K, capacity 14706K, committed 14848K, reserved 1062912K
  class space    used 1385K, capacity 1482K, committed 1536K, reserved 1048576K
}
Event: 3.255 GC heap after
{Heap after GC invocations=1 (full 0):
 garbage-first heap   total 65536K, used 4446K [0x00000000c0e00000, 0x0000000100000000)
  region size 1024K, 2 young (2048K), 2 survivors (2048K)
 Metaspace       used 14466K, capacity 14706K, committed 14848K, reserved 1062912K
  class space    used 1385K, capacity 1482K, committed 1536K, reserved 1048576K
}
Event: 4.119 GC heap before
{Heap before GC invocations=1 (full 0):
 garbage-first heap   total 65536K, used 10590K [0x00000000c0e00000, 0x0000000100000000)
  region size 1024K, 9 young (9216K), 2 survivors (2048K)
 Metaspace       used 17539K, capacity 17720K, committed 17920K, reserved 1064960K
  class space    used 1690K, capacity 1740K, committed 1792K, reserved 1048576K
}
Event: 4.134 GC heap after
{Heap after GC invocations=2 (full 0):
 garbage-first heap   total 65536K, used 6042K [0x00000000c0e00000, 0x0000000100000000)
  region size 1024K, 2 young (2048K), 2 survivors (2048K)
 Metaspace       used 17539K, capacity 17720K, committed 17920K, reserved 1064960K
  class space    used 1690K, capacity 1740K, committed 1792K, reserved 1048576K
}
Event: 5.849 GC heap before
{Heap before GC invocations=2 (full 0):
 garbage-first heap   total 65536K, used 16282K [0x00000000c0e00000, 0x0000000100000000)
  region size 1024K, 13 young (13312K), 2 survivors (2048K)
 Metaspace       used 20971K, capacity 21195K, committed 21296K, reserved 1069056K
  class space    used 2082K, capacity 2168K, committed 2176K, reserved 1048576K
}
Event: 5.863 GC heap after
{Heap after GC invocations=3 (full 0):
 garbage-first heap   total 65536K, used 7375K [0x00000000c0e00000, 0x0000000100000000)
  region size 1024K, 2 young (2048K), 2 survivors (2048K)
 Metaspace       used 20971K, capacity 21195K, committed 21296K, reserved 1069056K
  class space    used 2082K, capacity 2168K, committed 2176K, reserved 1048576K
}
Event: 7.764 GC heap before
{Heap before GC invocations=4 (full 0):
 garbage-first heap   total 30720K, used 26831K [0x00000000c0e00000, 0x0000000100000000)
  region size 1024K, 19 young (19456K), 2 survivors (2048K)
 Metaspace       used 24602K, capacity 24875K, committed 25136K, reserved 1071104K
  class space    used 2508K, capacity 2584K, committed 2688K, reserved 1048576K
}
Event: 7.771 GC heap after
{Heap after GC invocations=5 (full 0):
 garbage-first heap   total 32768K, used 13195K [0x00000000c0e00000, 0x0000000100000000)
  region size 1024K, 3 young (3072K), 3 survivors (3072K)
 Metaspace       used 24602K, capacity 24875K, committed 25136K, reserved 1071104K
  class space    used 2508K, capacity 2584K, committed 2688K, reserved 1048576K
}
Event: 8.032 GC heap before
{Heap before GC invocations=6 (full 0):
 garbage-first heap   total 61440K, used 44939K [0x00000000c0e00000, 0x0000000100000000)
  region size 1024K, 12 young (12288K), 3 survivors (3072K)
 Metaspace       used 24618K, capacity 24877K, committed 25136K, reserved 1071104K
  class space    used 2508K, capacity 2584K, committed 2688K, reserved 1048576K
}
Event: 8.039 GC heap after
{Heap after GC invocations=7 (full 0):
 garbage-first heap   total 61440K, used 36587K [0x00000000c0e00000, 0x0000000100000000)
  region size 1024K, 1 young (1024K), 1 survivors (1024K)
 Metaspace       used 24618K, capacity 24877K, committed 25136K, reserved 1071104K
  class space    used 2508K, capacity 2584K, committed 2688K, reserved 1048576K
}
Event: 8.105 GC heap before
{Heap before GC invocations=7 (full 0):
 garbage-first heap   total 61440K, used 46827K [0x00000000c0e00000, 0x0000000100000000)
  region size 1024K, 12 young (12288K), 1 survivors (1024K)
 Metaspace       used 24618K, capacity 24877K, committed 25136K, reserved 1071104K
  class space    used 2508K, capacity 2584K, committed 2688K, reserved 1048576K
}
Event: 8.106 GC heap after
{Heap after GC invocations=8 (full 0):
 garbage-first heap   total 61440K, used 36547K [0x00000000c0e00000, 0x0000000100000000)
  region size 1024K, 1 young (1024K), 1 survivors (1024K)
 Metaspace       used 24618K, capacity 24877K, committed 25136K, reserved 1071104K
  class space    used 2508K, capacity 2584K, committed 2688K, reserved 1048576K
}
Event: 8.316 GC heap before
{Heap before GC invocations=9 (full 0):
 garbage-first heap   total 70656K, used 45763K [0x00000000c0e00000, 0x0000000100000000)
  region size 1024K, 12 young (12288K), 1 survivors (1024K)
 Metaspace       used 24646K, capacity 24877K, committed 25136K, reserved 1071104K
  class space    used 2511K, capacity 2584K, committed 2688K, reserved 1048576K
}
Event: 8.319 GC heap after
{Heap after GC invocations=10 (full 0):
 garbage-first heap   total 70656K, used 36560K [0x00000000c0e00000, 0x0000000100000000)
  region size 1024K, 1 young (1024K), 1 survivors (1024K)
 Metaspace       used 24646K, capacity 24877K, committed 25136K, reserved 1071104K
  class space    used 2511K, capacity 2584K, committed 2688K, reserved 1048576K
}

